
-----------------------------------------------------
Mon Sep 29 19:01:43 2008 1222725703
ComponentContainer: Loading file ComponentContainerInit.lua
ComponentContainer::IComponent::Startup
ComponentContainer::IComponent::Startup : Finished.
ComponentContainer::ComponentLoader::Load
ComponentContainer::ComponentLoader::Load : Testing if the component ComponentRepository1 is in the local disk cache...
ComponentContainer::ComponentLoader::Load : There aren't any known repositories. Checking if this component is a repository to be loaded from the hd...
ComponentContainer::ComponentLoader::Load : Caching ComponentRepository1...
ComponentContainer::ComponentLoader::Load : Testing if the component ComponentRepository1 is already loaded...
ComponentContainer::ComponentLoader::Load : Loading LUA component scs.repository.ComponentRepository
ComponentContainer::ComponentLoader::Load : Trying to create an instance.
ComponentContainer::ComponentLoader::Load : Instance created.
ComponentContainer::ComponentLoader::Load : Creating handle...
ComponentContainer::ComponentLoader::Load : New instance id is 1.
ComponentContainer::ComponentLoader::Load : Finished.
ComponentContainer::ComponentLoader::Load
ComponentContainer::ComponentLoader::Load : Testing if the component PingPong1 is in the local disk cache...
ComponentContainer::ComponentLoader::checkReposForComponent
ComponentContainer::ComponentLoader::checkReposForComponent : Trying to retrieve it from a known repository...
ComponentContainer::ComponentLoader::checkReposForComponent : Trying repository with connectionId 2.
ComponentContainer::ComponentLoader::checkReposForComponent : Now getting component's description...
ComponentContainer::ComponentLoader::checkReposForComponent : Found PingPong's component description.
ComponentContainer::ComponentLoader::checkReposForComponent : Now getting component's help...
ComponentContainer::ComponentLoader::checkReposForComponent : Trying help with connectionId 3.
ComponentContainer::ComponentLoader::checkReposForComponent : Found PingPong's help info.
ComponentContainer::ComponentLoader::checkReposForComponent : Octet size is 4969.
ComponentContainer::ComponentLoader::checkReposForComponent : Saving component in local disk cache...
ComponentContainer::ComponentLoader::checkReposForComponent : Finished.
ComponentContainer::ComponentLoader::Load : Testing if the component PingPong1 is already loaded...
ComponentContainer::ComponentLoader::Load : Loading LUA component PingPong1.PingPong
ComponentContainer::ComponentLoader::Load : Trying to create an instance.
ComponentContainer::ComponentLoader::Load : Instance created.
ComponentContainer::ComponentLoader::Load : Creating handle...
ComponentContainer::ComponentLoader::Load : New instance id is 2.
ComponentContainer::ComponentLoader::Load : Finished.
ComponentContainer::ComponentLoader::Load
ComponentContainer::ComponentLoader::Load : Testing if the component PingPong1 is in the local disk cache...
ComponentContainer::ComponentLoader::Load : Testing if the component PingPong1 is already loaded...
ComponentContainer::ComponentLoader::Load : Trying to create an instance.
ComponentContainer::ComponentLoader::Load : Instance created.
ComponentContainer::ComponentLoader::Load : Creating handle...
ComponentContainer::ComponentLoader::Load : New instance id is 3.
ComponentContainer::ComponentLoader::Load : Finished.
ComponentContainer::ComponentHelp::GetHelpInfo
ComponentContainer::ComponentHelp::GetHelpInfo : Finished.

-----------------------------------------------------
Tue Sep 30 14:02:19 2008 1222794139
ComponentContainer: Loading file ComponentContainerInit.lua
ComponentContainer::IComponent::Startup
ComponentContainer::IComponent::Startup : Finished.
ComponentContainer::ComponentLoader::Load
ComponentContainer::ComponentLoader::Load : Testing if the component ComponentRepository1 is in the local disk cache...
ComponentContainer::ComponentLoader::Load : There aren't any known repositories. Checking if this component is a repository to be loaded from the hd...
ComponentContainer::ComponentLoader::Load : Caching ComponentRepository1...
ComponentContainer::ComponentLoader::Load : Testing if the component ComponentRepository1 is already loaded...
ComponentContainer::ComponentLoader::Load : Loading LUA component scs.repository.ComponentRepository
ComponentContainer::ComponentLoader::Load : Trying to create an instance.
ComponentContainer::ComponentLoader::Load : Instance created.
ComponentContainer::ComponentLoader::Load : Creating handle...
ComponentContainer::ComponentLoader::Load : New instance id is 1.
ComponentContainer::ComponentLoader::Load : Finished.
ComponentContainer::ComponentLoader::Load
ComponentContainer::ComponentLoader::Load : Testing if the component PingPong1 is in the local disk cache...
ComponentContainer::ComponentLoader::checkReposForComponent
ComponentContainer::ComponentLoader::checkReposForComponent : Trying to retrieve it from a known repository...
ComponentContainer::ComponentLoader::checkReposForComponent : Trying repository with connectionId 2.
ComponentContainer::ComponentLoader::checkReposForComponent : Now getting component's description...
ComponentContainer::ComponentLoader::checkReposForComponent : Found PingPong's component description.
ComponentContainer::ComponentLoader::checkReposForComponent : Now getting component's help...
ComponentContainer::ComponentLoader::checkReposForComponent : Trying help with connectionId 3.
ComponentContainer::ComponentLoader::checkReposForComponent : Found PingPong's help info.
ComponentContainer::ComponentLoader::checkReposForComponent : Octet size is 4969.
ComponentContainer::ComponentLoader::checkReposForComponent : Saving component in local disk cache...
ComponentContainer::ComponentLoader::checkReposForComponent : Finished.
ComponentContainer::ComponentLoader::Load : Testing if the component PingPong1 is already loaded...
ComponentContainer::ComponentLoader::Load : Loading LUA component PingPong1.PingPong
ComponentContainer::ComponentLoader::Load : Trying to create an instance.
ComponentContainer::ComponentLoader::Load : Instance created.
ComponentContainer::ComponentLoader::Load : Creating handle...
ComponentContainer::ComponentLoader::Load : New instance id is 2.
ComponentContainer::ComponentLoader::Load : Finished.
ComponentContainer::ComponentLoader::Load
ComponentContainer::ComponentLoader::Load : Testing if the component PingPong1 is in the local disk cache...
ComponentContainer::ComponentLoader::Load : Testing if the component PingPong1 is already loaded...
ComponentContainer::ComponentLoader::Load : Trying to create an instance.
ComponentContainer::ComponentLoader::Load : Instance created.
ComponentContainer::ComponentLoader::Load : Creating handle...
ComponentContainer::ComponentLoader::Load : New instance id is 3.
ComponentContainer::ComponentLoader::Load : Finished.

-----------------------------------------------------
Tue Sep 30 14:03:31 2008 1222794211
ComponentContainer: Loading file ComponentContainerInit.lua
ComponentContainer::IComponent::Startup
ComponentContainer::IComponent::Startup : Finished.
ComponentContainer::ComponentLoader::Load
ComponentContainer::ComponentLoader::Load : Testing if the component ComponentRepository1 is in the local disk cache...
ComponentContainer::ComponentLoader::Load : There aren't any known repositories. Checking if this component is a repository to be loaded from the hd...
ComponentContainer::ComponentLoader::Load : Caching ComponentRepository1...
ComponentContainer::ComponentLoader::Load : Testing if the component ComponentRepository1 is already loaded...
ComponentContainer::ComponentLoader::Load : Loading LUA component scs.repository.ComponentRepository
ComponentContainer::ComponentLoader::Load : Trying to create an instance.
ComponentContainer::ComponentLoader::Load : Instance created.
ComponentContainer::ComponentLoader::Load : Creating handle...
ComponentContainer::ComponentLoader::Load : New instance id is 1.
ComponentContainer::ComponentLoader::Load : Finished.
ComponentContainer::ComponentLoader::Load
ComponentContainer::ComponentLoader::Load : Testing if the component PingPong1 is in the local disk cache...
ComponentContainer::ComponentLoader::checkReposForComponent
ComponentContainer::ComponentLoader::checkReposForComponent : Trying to retrieve it from a known repository...
ComponentContainer::ComponentLoader::checkReposForComponent : Trying repository with connectionId 2.
ComponentContainer::ComponentLoader::checkReposForComponent : Now getting component's description...
ComponentContainer::ComponentLoader::checkReposForComponent : Found PingPong's component description.
ComponentContainer::ComponentLoader::checkReposForComponent : Now getting component's help...
ComponentContainer::ComponentLoader::checkReposForComponent : Trying help with connectionId 3.
ComponentContainer::ComponentLoader::checkReposForComponent : Found PingPong's help info.
ComponentContainer::ComponentLoader::checkReposForComponent : Octet size is 4969.
ComponentContainer::ComponentLoader::checkReposForComponent : Saving component in local disk cache...
ComponentContainer::ComponentLoader::checkReposForComponent : Finished.
ComponentContainer::ComponentLoader::Load : Testing if the component PingPong1 is already loaded...
ComponentContainer::ComponentLoader::Load : Loading LUA component PingPong1.PingPong
ComponentContainer::ComponentLoader::Load : Trying to create an instance.
ComponentContainer::ComponentLoader::Load : Instance created.
ComponentContainer::ComponentLoader::Load : Creating handle...
ComponentContainer::ComponentLoader::Load : New instance id is 2.
ComponentContainer::ComponentLoader::Load : Finished.
ComponentContainer::ComponentLoader::Load
ComponentContainer::ComponentLoader::Load : Testing if the component PingPong1 is in the local disk cache...
ComponentContainer::ComponentLoader::Load : Testing if the component PingPong1 is already loaded...
ComponentContainer::ComponentLoader::Load : Trying to create an instance.
ComponentContainer::ComponentLoader::Load : Instance created.
ComponentContainer::ComponentLoader::Load : Creating handle...
ComponentContainer::ComponentLoader::Load : New instance id is 3.
ComponentContainer::ComponentLoader::Load : Finished.

-----------------------------------------------------
Tue Sep 30 14:04:41 2008 1222794281
ComponentContainer: Loading file ComponentContainerInit.lua
ComponentContainer::IComponent::Startup
ComponentContainer::IComponent::Startup : Finished.
ComponentContainer::ComponentLoader::Load
ComponentContainer::ComponentLoader::Load : Testing if the component ComponentRepository1 is in the local disk cache...
ComponentContainer::ComponentLoader::Load : There aren't any known repositories. Checking if this component is a repository to be loaded from the hd...
ComponentContainer::ComponentLoader::Load : Caching ComponentRepository1...
ComponentContainer::ComponentLoader::Load : Testing if the component ComponentRepository1 is already loaded...
ComponentContainer::ComponentLoader::Load : Loading LUA component scs.repository.ComponentRepository
ComponentContainer::ComponentLoader::Load : Trying to create an instance.
ComponentContainer::ComponentLoader::Load : Instance created.
ComponentContainer::ComponentLoader::Load : Creating handle...
ComponentContainer::ComponentLoader::Load : New instance id is 1.
ComponentContainer::ComponentLoader::Load : Finished.
ComponentContainer::ComponentLoader::Load
ComponentContainer::ComponentLoader::Load : Testing if the component PingPong1 is in the local disk cache...
ComponentContainer::ComponentLoader::checkReposForComponent
ComponentContainer::ComponentLoader::checkReposForComponent : Trying to retrieve it from a known repository...
ComponentContainer::ComponentLoader::checkReposForComponent : Trying repository with connectionId 2.
ComponentContainer::ComponentLoader::checkReposForComponent : Now getting component's description...
ComponentContainer::ComponentLoader::checkReposForComponent : Found PingPong's component description.
ComponentContainer::ComponentLoader::checkReposForComponent : Now getting component's help...
ComponentContainer::ComponentLoader::checkReposForComponent : Trying help with connectionId 3.
ComponentContainer::ComponentLoader::checkReposForComponent : Found PingPong's help info.
ComponentContainer::ComponentLoader::checkReposForComponent : Octet size is 4969.
ComponentContainer::ComponentLoader::checkReposForComponent : Saving component in local disk cache...
ComponentContainer::ComponentLoader::checkReposForComponent : Finished.
ComponentContainer::ComponentLoader::Load : Testing if the component PingPong1 is already loaded...
ComponentContainer::ComponentLoader::Load : Loading LUA component PingPong1.PingPong
ComponentContainer::ComponentLoader::Load : Trying to create an instance.
ComponentContainer::ComponentLoader::Load : Instance created.
ComponentContainer::ComponentLoader::Load : Creating handle...
ComponentContainer::ComponentLoader::Load : New instance id is 2.
ComponentContainer::ComponentLoader::Load : Finished.
ComponentContainer::ComponentLoader::Load
ComponentContainer::ComponentLoader::Load : Testing if the component PingPong1 is in the local disk cache...
ComponentContainer::ComponentLoader::Load : Testing if the component PingPong1 is already loaded...
ComponentContainer::ComponentLoader::Load : Trying to create an instance.
ComponentContainer::ComponentLoader::Load : Instance created.
ComponentContainer::ComponentLoader::Load : Creating handle...
ComponentContainer::ComponentLoader::Load : New instance id is 3.
ComponentContainer::ComponentLoader::Load : Finished.
