ComponentContainer::IComponent::Startup
ComponentContainer::IComponent::Startup : Finished.
ComponentContainer::ComponentLoader::Load
ComponentContainer::ComponentLoader::Load : Testing if the component ComponentRepository1 is in the local disk cache...
ComponentContainer::ComponentLoader::Load : There aren't any known repositories. Checking if this component is a repository to be loaded from the hd...
ComponentContainer::ComponentLoader::Load : Caching ComponentRepository1...
ComponentContainer::ComponentLoader::Load : Testing if the component ComponentRepository1 is already loaded...
ComponentContainer::ComponentLoader::Load : Loading LUA component scs.repository.ComponentRepository
ComponentContainer::ComponentLoader::Load : Trying to create an instance.
ComponentContainer::ComponentLoader::Load : Instance created.
ComponentContainer::ComponentLoader::Load : Creating handle...
ComponentContainer::ComponentLoader::Load : New instance id is 1.
ComponentContainer::ComponentLoader::Load : Finished.
ComponentContainer::ComponentLoader::Load
ComponentContainer::ComponentLoader::Load : Testing if the component PingPong1 is in the local disk cache...
ComponentContainer::ComponentLoader::checkReposForComponent
ComponentContainer::ComponentLoader::checkReposForComponent : Trying to retrieve it from a known repository...
ComponentContainer::ComponentLoader::checkReposForComponent : Trying repository with connectionId 2.
ComponentContainer::ComponentLoader::checkReposForComponent : Now getting component's description...
ComponentContainer::ComponentLoader::checkReposForComponent : Found PingPong's component description.
ComponentContainer::ComponentLoader::checkReposForComponent : Now getting component's help...
ComponentContainer::ComponentLoader::checkReposForComponent : Trying help with connectionId 3.
ComponentContainer::ComponentLoader::checkReposForComponent : Found PingPong's help info.
ComponentContainer::ComponentLoader::checkReposForComponent : Octet size is 4969.
ComponentContainer::ComponentLoader::checkReposForComponent : Saving component in local disk cache...
ComponentContainer::ComponentLoader::checkReposForComponent : Finished.
ComponentContainer::ComponentLoader::Load : Testing if the component PingPong1 is already loaded...
ComponentContainer::ComponentLoader::Load : Loading LUA component PingPong1.PingPong
ComponentContainer::ComponentLoader::Load : Trying to create an instance.
ComponentContainer::ComponentLoader::Load : Instance created.
ComponentContainer::ComponentLoader::Load : Creating handle...
ComponentContainer::ComponentLoader::Load : New instance id is 2.
ComponentContainer::ComponentLoader::Load : Finished.

-----------------------------------------------------
Tue Sep 30 11:44:51 2008 1222785891
ComponentContainer: Loading file ComponentContainerInit.lua
ComponentContainer::IComponent::Startup
ComponentContainer::IComponent::Startup : Finished.
ComponentContainer::ComponentLoader::Load
ComponentContainer::ComponentLoader::Load : Testing if the component ComponentRepository1 is in the local disk cache...
ComponentContainer::ComponentLoader::Load : There aren't any known repositories. Checking if this component is a repository to be loaded from the hd...
ComponentContainer::ComponentLoader::Load : Caching ComponentRepository1...
ComponentContainer::ComponentLoader::Load : Testing if the component ComponentRepository1 is already loaded...
ComponentContainer::ComponentLoader::Load : Loading LUA component scs.repository.ComponentRepository
ComponentContainer::ComponentLoader::Load : Trying to create an instance.
ComponentContainer::ComponentLoader::Load : Instance created.
ComponentContainer::ComponentLoader::Load : Creating handle...
ComponentContainer::ComponentLoader::Load : New instance id is 1.
ComponentContainer::ComponentLoader::Load : Finished.
ComponentContainer::ComponentLoader::Load
ComponentContainer::ComponentLoader::Load : Testing if the component PingPong1 is in the local disk cache...
ComponentContainer::ComponentLoader::checkReposForComponent
ComponentContainer::ComponentLoader::checkReposForComponent : Trying to retrieve it from a known repository...
ComponentContainer::ComponentLoader::checkReposForComponent : Trying repository with connectionId 2.
ComponentContainer::ComponentLoader::checkReposForComponent : Now getting component's description...
ComponentContainer::ComponentLoader::checkReposForComponent : Found PingPong's component description.
ComponentContainer::ComponentLoader::checkReposForComponent : Now getting component's help...
ComponentContainer::ComponentLoader::checkReposForComponent : Trying help with connectionId 3.
ComponentContainer::ComponentLoader::checkReposForComponent : Found PingPong's help info.
ComponentContainer::ComponentLoader::checkReposForComponent : Octet size is 4959.
ComponentContainer::ComponentLoader::checkReposForComponent : Saving component in local disk cache...
ComponentContainer::ComponentLoader::checkReposForComponent : Finished.
ComponentContainer::ComponentLoader::Load : Testing if the component PingPong1 is already loaded...
ComponentContainer::ComponentLoader::Load : Loading LUA component PingPong1.PingPong
ComponentContainer::ComponentLoader::Load : Trying to create an instance.
ComponentContainer::ComponentLoader::Load : Instance created.
ComponentContainer::ComponentLoader::Load : Creating handle...
ComponentContainer::ComponentLoader::Load : New instance id is 2.
ComponentContainer::ComponentLoader::Load : Finished.

-----------------------------------------------------
Tue Sep 30 11:46:43 2008 1222786003
ComponentContainer: Loading file ComponentContainerInit.lua
ComponentContainer::IComponent::Startup
ComponentContainer::IComponent::Startup : Finished.
ComponentContainer::ComponentLoader::Load
ComponentContainer::ComponentLoader::Load : Testing if the component ComponentRepository1 is in the local disk cache...
ComponentContainer::ComponentLoader::Load : There aren't any known repositories. Checking if this component is a repository to be loaded from the hd...
ComponentContainer::ComponentLoader::Load : Caching ComponentRepository1...
ComponentContainer::ComponentLoader::Load : Testing if the component ComponentRepository1 is already loaded...
ComponentContainer::ComponentLoader::Load : Loading LUA component scs.repository.ComponentRepository
ComponentContainer::ComponentLoader::Load : Trying to create an instance.
ComponentContainer::ComponentLoader::Load : Instance created.
ComponentContainer::ComponentLoader::Load : Creating handle...
ComponentContainer::ComponentLoader::Load : New instance id is 1.
ComponentContainer::ComponentLoader::Load : Finished.
ComponentContainer::ComponentLoader::Load
ComponentContainer::ComponentLoader::Load : Testing if the component PingPong1 is in the local disk cache...
ComponentContainer::ComponentLoader::checkReposForComponent
ComponentContainer::ComponentLoader::checkReposForComponent : Trying to retrieve it from a known repository...
ComponentContainer::ComponentLoader::checkReposForComponent : Trying repository with connectionId 2.
ComponentContainer::ComponentLoader::checkReposForComponent : Now getting component's description...
ComponentContainer::ComponentLoader::checkReposForComponent : Found PingPong's component description.
ComponentContainer::ComponentLoader::checkReposForComponent : Now getting component's help...
ComponentContainer::ComponentLoader::checkReposForComponent : Trying help with connectionId 3.
ComponentContainer::ComponentLoader::checkReposForComponent : Found PingPong's help info.
ComponentContainer::ComponentLoader::checkReposForComponent : Octet size is 4959.
ComponentContainer::ComponentLoader::checkReposForComponent : Saving component in local disk cache...
ComponentContainer::ComponentLoader::checkReposForComponent : Finished.
ComponentContainer::ComponentLoader::Load : Testing if the component PingPong1 is already loaded...
ComponentContainer::ComponentLoader::Load : Loading LUA component PingPong1.PingPong
ComponentContainer::ComponentLoader::Load : Trying to create an instance.
ComponentContainer::ComponentLoader::Load : Instance created.
ComponentContainer::ComponentLoader::Load : Creating handle...
ComponentContainer::ComponentLoader::Load : New instance id is 2.
ComponentContainer::ComponentLoader::Load : Finished.

-----------------------------------------------------
Tue Sep 30 11:55:08 2008 1222786508
ComponentContainer: Loading file ComponentContainerInit.lua
ComponentContainer::IComponent::Startup
ComponentContainer::IComponent::Startup : Finished.
ComponentContainer::ComponentLoader::Load
ComponentContainer::ComponentLoader::Load : Testing if the component ComponentRepository1 is in the local disk cache...
ComponentContainer::ComponentLoader::Load : There aren't any known repositories. Checking if this component is a repository to be loaded from the hd...
ComponentContainer::ComponentLoader::Load : Caching ComponentRepository1...
ComponentContainer::ComponentLoader::Load : Testing if the component ComponentRepository1 is already loaded...
ComponentContainer::ComponentLoader::Load : Loading LUA component scs.repository.ComponentRepository
ComponentContainer::ComponentLoader::Load : Trying to create an instance.
ComponentContainer::ComponentLoader::Load : Instance created.
ComponentContainer::ComponentLoader::Load : Creating handle...
ComponentContainer::ComponentLoader::Load : New instance id is 1.
ComponentContainer::ComponentLoader::Load : Finished.
ComponentContainer::ComponentLoader::Load
ComponentContainer::ComponentLoader::Load : Testing if the component PingPong1 is in the local disk cache...
ComponentContainer::ComponentLoader::checkReposForComponent
ComponentContainer::ComponentLoader::checkReposForComponent : Trying to retrieve it from a known repository...
ComponentContainer::ComponentLoader::checkReposForComponent : Trying repository with connectionId 2.
ComponentContainer::ComponentLoader::checkReposForComponent : Now getting component's description...
ComponentContainer::ComponentLoader::checkReposForComponent : Found PingPong's component description.
ComponentContainer::ComponentLoader::checkReposForComponent : Now getting component's help...
ComponentContainer::ComponentLoader::checkReposForComponent : Trying help with connectionId 3.
ComponentContainer::ComponentLoader::checkReposForComponent : Found PingPong's help info.
ComponentContainer::ComponentLoader::checkReposForComponent : Octet size is 4969.
ComponentContainer::ComponentLoader::checkReposForComponent : Saving component in local disk cache...
ComponentContainer::ComponentLoader::checkReposForComponent : Finished.
ComponentContainer::ComponentLoader::Load : Testing if the component PingPong1 is already loaded...
ComponentContainer::ComponentLoader::Load : Loading LUA component PingPong1.PingPong
ComponentContainer::ComponentLoader::Load : Trying to create an instance.
ComponentContainer::ComponentLoader::Load : Instance created.
ComponentContainer::ComponentLoader::Load : Creating handle...
ComponentContainer::ComponentLoader::Load : New instance id is 2.
ComponentContainer::ComponentLoader::Load : Finished.

-----------------------------------------------------
Tue Sep 30 11:56:39 2008 1222786599
ComponentContainer: Loading file ComponentContainerInit.lua
ComponentContainer::IComponent::Startup
ComponentContainer::IComponent::Startup : Finished.
ComponentContainer::ComponentLoader::Load
ComponentContainer::ComponentLoader::Load : Testing if the component ComponentRepository1 is in the local disk cache...
ComponentContainer::ComponentLoader::Load : There aren't any known repositories. Checking if this component is a repository to be loaded from the hd...
ComponentContainer::ComponentLoader::Load : Caching ComponentRepository1...
ComponentContainer::ComponentLoader::Load : Testing if the component ComponentRepository1 is already loaded...
ComponentContainer::ComponentLoader::Load : Loading LUA component scs.repository.ComponentRepository
ComponentContainer::ComponentLoader::Load : Trying to create an instance.
ComponentContainer::ComponentLoader::Load : Instance created.
ComponentContainer::ComponentLoader::Load : Creating handle...
ComponentContainer::ComponentLoader::Load : New instance id is 1.
ComponentContainer::ComponentLoader::Load : Finished.
ComponentContainer::ComponentLoader::Load
ComponentContainer::ComponentLoader::Load : Testing if the component PingPong1 is in the local disk cache...
ComponentContainer::ComponentLoader::checkReposForComponent
ComponentContainer::ComponentLoader::checkReposForComponent : Trying to retrieve it from a known repository...
ComponentContainer::ComponentLoader::checkReposForComponent : Trying repository with connectionId 2.
ComponentContainer::ComponentLoader::checkReposForComponent : Now getting component's description...
ComponentContainer::ComponentLoader::checkReposForComponent : Found PingPong's component description.
ComponentContainer::ComponentLoader::checkReposForComponent : Now getting component's help...
ComponentContainer::ComponentLoader::checkReposForComponent : Trying help with connectionId 3.
ComponentContainer::ComponentLoader::checkReposForComponent : Found PingPong's help info.
ComponentContainer::ComponentLoader::checkReposForComponent : Octet size is 4969.
ComponentContainer::ComponentLoader::checkReposForComponent : Saving component in local disk cache...
ComponentContainer::ComponentLoader::checkReposForComponent : Finished.
ComponentContainer::ComponentLoader::Load : Testing if the component PingPong1 is already loaded...
ComponentContainer::ComponentLoader::Load : Loading LUA component PingPong1.PingPong
ComponentContainer::ComponentLoader::Load : Trying to create an instance.
ComponentContainer::ComponentLoader::Load : Instance created.
ComponentContainer::ComponentLoader::Load : Creating handle...
ComponentContainer::ComponentLoader::Load : New instance id is 2.
ComponentContainer::ComponentLoader::Load : Finished.

-----------------------------------------------------
Tue Sep 30 11:57:59 2008 1222786679
ComponentContainer: Loading file ComponentContainerInit.lua
ComponentContainer::IComponent::Startup
ComponentContainer::IComponent::Startup : Finished.
ComponentContainer::ComponentLoader::Load
ComponentContainer::ComponentLoader::Load : Testing if the component ComponentRepository1 is in the local disk cache...
ComponentContainer::ComponentLoader::Load : There aren't any known repositories. Checking if this component is a repository to be loaded from the hd...
ComponentContainer::ComponentLoader::Load : Caching ComponentRepository1...
ComponentContainer::ComponentLoader::Load : Testing if the component ComponentRepository1 is already loaded...
ComponentContainer::ComponentLoader::Load : Loading LUA component scs.repository.ComponentRepository
ComponentContainer::ComponentLoader::Load : Trying to create an instance.
ComponentContainer::ComponentLoader::Load : Instance created.
ComponentContainer::ComponentLoader::Load : Creating handle...
ComponentContainer::ComponentLoader::Load : New instance id is 1.
ComponentContainer::ComponentLoader::Load : Finished.
ComponentContainer::ComponentLoader::Load
ComponentContainer::ComponentLoader::Load : Testing if the component PingPong1 is in the local disk cache...
ComponentContainer::ComponentLoader::checkReposForComponent
ComponentContainer::ComponentLoader::checkReposForComponent : Trying to retrieve it from a known repository...
ComponentContainer::ComponentLoader::checkReposForComponent : Trying repository with connectionId 2.
ComponentContainer::ComponentLoader::checkReposForComponent : Now getting component's description...
ComponentContainer::ComponentLoader::checkReposForComponent : Found PingPong's component description.
ComponentContainer::ComponentLoader::checkReposForComponent : Now getting component's help...
ComponentContainer::ComponentLoader::checkReposForComponent : Trying help with connectionId 3.
ComponentContainer::ComponentLoader::checkReposForComponent : Found PingPong's help info.
ComponentContainer::ComponentLoader::checkReposForComponent : Octet size is 4969.
ComponentContainer::ComponentLoader::checkReposForComponent : Saving component in local disk cache...
ComponentContainer::ComponentLoader::checkReposForComponent : Finished.
ComponentContainer::ComponentLoader::Load : Testing if the component PingPong1 is already loaded...
ComponentContainer::ComponentLoader::Load : Loading LUA component PingPong1.PingPong
ComponentContainer::ComponentLoader::Load : Trying to create an instance.
ComponentContainer::ComponentLoader::Load : Instance created.
ComponentContainer::ComponentLoader::Load : Creating handle...
ComponentContainer::ComponentLoader::Load : New instance id is 2.
ComponentContainer::ComponentLoader::Load : Finished.

-----------------------------------------------------
Tue Sep 30 11:58:58 2008 1222786738
ComponentContainer: Loading file ComponentContainerInit.lua
ComponentContainer::IComponent::Startup
ComponentContainer::IComponent::Startup : Finished.
ComponentContainer::ComponentLoader::Load
ComponentContainer::ComponentLoader::Load : Testing if the component ComponentRepository1 is in the local disk cache...
ComponentContainer::ComponentLoader::Load : There aren't any known repositories. Checking if this component is a repository to be loaded from the hd...
ComponentContainer::ComponentLoader::Load : Caching ComponentRepository1...
ComponentContainer::ComponentLoader::Load : Testing if the component ComponentRepository1 is already loaded...
ComponentContainer::ComponentLoader::Load : Loading LUA component scs.repository.ComponentRepository
ComponentContainer::ComponentLoader::Load : Trying to create an instance.
ComponentContainer::ComponentLoader::Load : Instance created.
ComponentContainer::ComponentLoader::Load : Creating handle...
ComponentContainer::ComponentLoader::Load : New instance id is 1.
ComponentContainer::ComponentLoader::Load : Finished.
ComponentContainer::ComponentLoader::Load
ComponentContainer::ComponentLoader::Load : Testing if the component PingPong1 is in the local disk cache...
ComponentContainer::ComponentLoader::checkReposForComponent
ComponentContainer::ComponentLoader::checkReposForComponent : Trying to retrieve it from a known repository...
ComponentContainer::ComponentLoader::checkReposForComponent : Trying repository with connectionId 2.
ComponentContainer::ComponentLoader::checkReposForComponent : Now getting component's description...
ComponentContainer::ComponentLoader::checkReposForComponent : Found PingPong's component description.
ComponentContainer::ComponentLoader::checkReposForComponent : Now getting component's help...
ComponentContainer::ComponentLoader::checkReposForComponent : Trying help with connectionId 3.
ComponentContainer::ComponentLoader::checkReposForComponent : Found PingPong's help info.
ComponentContainer::ComponentLoader::checkReposForComponent : Octet size is 4959.
ComponentContainer::ComponentLoader::checkReposForComponent : Saving component in local disk cache...
ComponentContainer::ComponentLoader::checkReposForComponent : Finished.
ComponentContainer::ComponentLoader::Load : Testing if the component PingPong1 is already loaded...
ComponentContainer::ComponentLoader::Load : Loading LUA component PingPong1.PingPong
ComponentContainer::ComponentLoader::Load : Trying to create an instance.
ComponentContainer::ComponentLoader::Load : Instance created.
ComponentContainer::ComponentLoader::Load : Creating handle...
ComponentContainer::ComponentLoader::Load : New instance id is 2.
ComponentContainer::ComponentLoader::Load : Finished.

-----------------------------------------------------
Tue Sep 30 12:10:56 2008 1222787456
ComponentContainer: Loading file ComponentContainerInit.lua
ComponentContainer::IComponent::Startup
ComponentContainer::IComponent::Startup : Finished.
ComponentContainer::ComponentLoader::Load
ComponentContainer::ComponentLoader::Load : Testing if the component ComponentRepository1 is in the local disk cache...
ComponentContainer::ComponentLoader::Load : There aren't any known repositories. Checking if this component is a repository to be loaded from the hd...
ComponentContainer::ComponentLoader::Load : Caching ComponentRepository1...
ComponentContainer::ComponentLoader::Load : Testing if the component ComponentRepository1 is already loaded...
ComponentContainer::ComponentLoader::Load : Loading LUA component scs.repository.ComponentRepository
ComponentContainer::ComponentLoader::Load : Trying to create an instance.
ComponentContainer::ComponentLoader::Load : Instance created.
ComponentContainer::ComponentLoader::Load : Creating handle...
ComponentContainer::ComponentLoader::Load : New instance id is 1.
ComponentContainer::ComponentLoader::Load : Finished.
ComponentContainer::ComponentLoader::Load
ComponentContainer::ComponentLoader::Load : Testing if the component PingPong1 is in the local disk cache...
ComponentContainer::ComponentLoader::checkReposForComponent
ComponentContainer::ComponentLoader::checkReposForComponent : Trying to retrieve it from a known repository...
ComponentContainer::ComponentLoader::checkReposForComponent : Trying repository with connectionId 2.
ComponentContainer::ComponentLoader::checkReposForComponent : Now getting component's description...
ComponentContainer::ComponentLoader::checkReposForComponent : Found PingPong's component description.
ComponentContainer::ComponentLoader::checkReposForComponent : Now getting component's help...
ComponentContainer::ComponentLoader::checkReposForComponent : Trying help with connectionId 3.
ComponentContainer::ComponentLoader::checkReposForComponent : Found PingPong's help info.
ComponentContainer::ComponentLoader::checkReposForComponent : Octet size is 4959.
ComponentContainer::ComponentLoader::checkReposForComponent : Saving component in local disk cache...
ComponentContainer::ComponentLoader::checkReposForComponent : Finished.
ComponentContainer::ComponentLoader::Load : Testing if the component PingPong1 is already loaded...
ComponentContainer::ComponentLoader::Load : Loading LUA component PingPong1.PingPong
ComponentContainer::ComponentLoader::Load : Trying to create an instance.
ComponentContainer::ComponentLoader::Load : Instance created.
ComponentContainer::ComponentLoader::Load : Creating handle...
ComponentContainer::ComponentLoader::Load : New instance id is 2.
ComponentContainer::ComponentLoader::Load : Finished.

-----------------------------------------------------
Tue Sep 30 12:12:49 2008 1222787569
ComponentContainer: Loading file ComponentContainerInit.lua
ComponentContainer::IComponent::Startup
ComponentContainer::IComponent::Startup : Finished.
ComponentContainer::ComponentLoader::Load
ComponentContainer::ComponentLoader::Load : Testing if the component ComponentRepository1 is in the local disk cache...
ComponentContainer::ComponentLoader::Load : There aren't any known repositories. Checking if this component is a repository to be loaded from the hd...
ComponentContainer::ComponentLoader::Load : Caching ComponentRepository1...
ComponentContainer::ComponentLoader::Load : Testing if the component ComponentRepository1 is already loaded...
ComponentContainer::ComponentLoader::Load : Loading LUA component scs.repository.ComponentRepository
ComponentContainer::ComponentLoader::Load : Trying to create an instance.
ComponentContainer::ComponentLoader::Load : Instance created.
ComponentContainer::ComponentLoader::Load : Creating handle...
ComponentContainer::ComponentLoader::Load : New instance id is 1.
ComponentContainer::ComponentLoader::Load : Finished.
ComponentContainer::ComponentLoader::Load
ComponentContainer::ComponentLoader::Load : Testing if the component PingPong1 is in the local disk cache...
ComponentContainer::ComponentLoader::checkReposForComponent
ComponentContainer::ComponentLoader::checkReposForComponent : Trying to retrieve it from a known repository...
ComponentContainer::ComponentLoader::checkReposForComponent : Trying repository with connectionId 2.
ComponentContainer::ComponentLoader::checkReposForComponent : Now getting component's description...
ComponentContainer::ComponentLoader::checkReposForComponent : Found PingPong's component description.
ComponentContainer::ComponentLoader::checkReposForComponent : Now getting component's help...
ComponentContainer::ComponentLoader::checkReposForComponent : Trying help with connectionId 3.
ComponentContainer::ComponentLoader::checkReposForComponent : Found PingPong's help info.
ComponentContainer::ComponentLoader::checkReposForComponent : Octet size is 4959.
ComponentContainer::ComponentLoader::checkReposForComponent : Saving component in local disk cache...
ComponentContainer::ComponentLoader::checkReposForComponent : Finished.
ComponentContainer::ComponentLoader::Load : Testing if the component PingPong1 is already loaded...
ComponentContainer::ComponentLoader::Load : Loading LUA component PingPong1.PingPong
ComponentContainer::ComponentLoader::Load : Trying to create an instance.
ComponentContainer::ComponentLoader::Load : Instance created.
ComponentContainer::ComponentLoader::Load : Creating handle...
ComponentContainer::ComponentLoader::Load : New instance id is 2.
ComponentContainer::ComponentLoader::Load : Finished.

-----------------------------------------------------
Tue Sep 30 12:20:53 2008 1222788053
ComponentContainer: Loading file ComponentContainerInit.lua
ComponentContainer::IComponent::Startup
ComponentContainer::IComponent::Startup : Finished.
ComponentContainer::ComponentLoader::Load
ComponentContainer::ComponentLoader::Load : Testing if the component ComponentRepository1 is in the local disk cache...
ComponentContainer::ComponentLoader::Load : There aren't any known repositories. Checking if this component is a repository to be loaded from the hd...
ComponentContainer::ComponentLoader::Load : Caching ComponentRepository1...
ComponentContainer::ComponentLoader::Load : Testing if the component ComponentRepository1 is already loaded...
ComponentContainer::ComponentLoader::Load : Loading LUA component scs.repository.ComponentRepository
ComponentContainer::ComponentLoader::Load : Trying to create an instance.
ComponentContainer::ComponentLoader::Load : Instance created.
ComponentContainer::ComponentLoader::Load : Creating handle...
ComponentContainer::ComponentLoader::Load : New instance id is 1.
ComponentContainer::ComponentLoader::Load : Finished.
ComponentContainer::ComponentLoader::Load
ComponentContainer::ComponentLoader::Load : Testing if the component PingPong1 is in the local disk cache...
ComponentContainer::ComponentLoader::checkReposForComponent
ComponentContainer::ComponentLoader::checkReposForComponent : Trying to retrieve it from a known repository...
ComponentContainer::ComponentLoader::checkReposForComponent : Trying repository with connectionId 2.
ComponentContainer::ComponentLoader::checkReposForComponent : Now getting component's description...
ComponentContainer::ComponentLoader::checkReposForComponent : Found PingPong's component description.
ComponentContainer::ComponentLoader::checkReposForComponent : Now getting component's help...
ComponentContainer::ComponentLoader::checkReposForComponent : Trying help with connectionId 3.
ComponentContainer::ComponentLoader::checkReposForComponent : Found PingPong's help info.
ComponentContainer::ComponentLoader::checkReposForComponent : Octet size is 4959.
ComponentContainer::ComponentLoader::checkReposForComponent : Saving component in local disk cache...
ComponentContainer::ComponentLoader::checkReposForComponent : Finished.
ComponentContainer::ComponentLoader::Load : Testing if the component PingPong1 is already loaded...
ComponentContainer::ComponentLoader::Load : Loading LUA component PingPong1.PingPong
ComponentContainer::ComponentLoader::Load : Trying to create an instance.
ComponentContainer::ComponentLoader::Load : Instance created.
ComponentContainer::ComponentLoader::Load : Creating handle...
ComponentContainer::ComponentLoader::Load : New instance id is 2.
ComponentContainer::ComponentLoader::Load : Finished.

-----------------------------------------------------
Tue Sep 30 12:28:23 2008 1222788503
ComponentContainer: Loading file ComponentContainerInit.lua
ComponentContainer::IComponent::Startup
ComponentContainer::IComponent::Startup : Finished.
ComponentContainer::ComponentLoader::Load
ComponentContainer::ComponentLoader::Load : Testing if the component ComponentRepository1 is in the local disk cache...
ComponentContainer::ComponentLoader::Load : There aren't any known repositories. Checking if this component is a repository to be loaded from the hd...
ComponentContainer::ComponentLoader::Load : Caching ComponentRepository1...
ComponentContainer::ComponentLoader::Load : Testing if the component ComponentRepository1 is already loaded...
ComponentContainer::ComponentLoader::Load : Loading LUA component scs.repository.ComponentRepository
ComponentContainer::ComponentLoader::Load : Trying to create an instance.
ComponentContainer::ComponentLoader::Load : Instance created.
ComponentContainer::ComponentLoader::Load : Creating handle...
ComponentContainer::ComponentLoader::Load : New instance id is 1.
ComponentContainer::ComponentLoader::Load : Finished.
ComponentContainer::ComponentLoader::Load
ComponentContainer::ComponentLoader::Load : Testing if the component PingPong1 is in the local disk cache...
ComponentContainer::ComponentLoader::checkReposForComponent
ComponentContainer::ComponentLoader::checkReposForComponent : Trying to retrieve it from a known repository...
ComponentContainer::ComponentLoader::checkReposForComponent : Trying repository with connectionId 2.
ComponentContainer::ComponentLoader::checkReposForComponent : Now getting component's description...
ComponentContainer::ComponentLoader::checkReposForComponent : Found PingPong's component description.
ComponentContainer::ComponentLoader::checkReposForComponent : Now getting component's help...
ComponentContainer::ComponentLoader::checkReposForComponent : Trying help with connectionId 3.
ComponentContainer::ComponentLoader::checkReposForComponent : Found PingPong's help info.
ComponentContainer::ComponentLoader::checkReposForComponent : Octet size is 4959.
ComponentContainer::ComponentLoader::checkReposForComponent : Saving component in local disk cache...
ComponentContainer::ComponentLoader::checkReposForComponent : Finished.
ComponentContainer::ComponentLoader::Load : Testing if the component PingPong1 is already loaded...
ComponentContainer::ComponentLoader::Load : Loading LUA component PingPong1.PingPong
ComponentContainer::ComponentLoader::Load : Trying to create an instance.
ComponentContainer::ComponentLoader::Load : Instance created.
ComponentContainer::ComponentLoader::Load : Creating handle...
ComponentContainer::ComponentLoader::Load : New instance id is 2.
ComponentContainer::ComponentLoader::Load : Finished.

-----------------------------------------------------
Tue Sep 30 12:31:50 2008 1222788710
ComponentContainer: Loading file ComponentContainerInit.lua
ComponentContainer::IComponent::Startup
ComponentContainer::IComponent::Startup : Finished.
ComponentContainer::ComponentLoader::Load
ComponentContainer::ComponentLoader::Load : Testing if the component ComponentRepository1 is in the local disk cache...
ComponentContainer::ComponentLoader::Load : There aren't any known repositories. Checking if this component is a repository to be loaded from the hd...
ComponentContainer::ComponentLoader::Load : Caching ComponentRepository1...
ComponentContainer::ComponentLoader::Load : Testing if the component ComponentRepository1 is already loaded...
ComponentContainer::ComponentLoader::Load : Loading LUA component scs.repository.ComponentRepository
ComponentContainer::ComponentLoader::Load : Trying to create an instance.
ComponentContainer::ComponentLoader::Load : Instance created.
ComponentContainer::ComponentLoader::Load : Creating handle...
ComponentContainer::ComponentLoader::Load : New instance id is 1.
ComponentContainer::ComponentLoader::Load : Finished.
ComponentContainer::ComponentLoader::Load
ComponentContainer::ComponentLoader::Load : Testing if the component PingPong1 is in the local disk cache...
ComponentContainer::ComponentLoader::checkReposForComponent
ComponentContainer::ComponentLoader::checkReposForComponent : Trying to retrieve it from a known repository...
ComponentContainer::ComponentLoader::checkReposForComponent : Trying repository with connectionId 2.
ComponentContainer::ComponentLoader::checkReposForComponent : Now getting component's description...
ComponentContainer::ComponentLoader::checkReposForComponent : Found PingPong's component description.
ComponentContainer::ComponentLoader::checkReposForComponent : Now getting component's help...
ComponentContainer::ComponentLoader::checkReposForComponent : Trying help with connectionId 3.
ComponentContainer::ComponentLoader::checkReposForComponent : Found PingPong's help info.
ComponentContainer::ComponentLoader::checkReposForComponent : Octet size is 4959.
ComponentContainer::ComponentLoader::checkReposForComponent : Saving component in local disk cache...
ComponentContainer::ComponentLoader::checkReposForComponent : Finished.
ComponentContainer::ComponentLoader::Load : Testing if the component PingPong1 is already loaded...
ComponentContainer::ComponentLoader::Load : Loading LUA component PingPong1.PingPong
ComponentContainer::ComponentLoader::Load : Trying to create an instance.
ComponentContainer::ComponentLoader::Load : Instance created.
ComponentContainer::ComponentLoader::Load : Creating handle...
ComponentContainer::ComponentLoader::Load : New instance id is 2.
ComponentContainer::ComponentLoader::Load : Finished.

-----------------------------------------------------
Tue Sep 30 12:34:52 2008 1222788892
ComponentContainer: Loading file ComponentContainerInit.lua
ComponentContainer::IComponent::Startup
ComponentContainer::IComponent::Startup : Finished.
ComponentContainer::ComponentLoader::Load
ComponentContainer::ComponentLoader::Load : Testing if the component ComponentRepository1 is in the local disk cache...
ComponentContainer::ComponentLoader::Load : There aren't any known repositories. Checking if this component is a repository to be loaded from the hd...
ComponentContainer::ComponentLoader::Load : Caching ComponentRepository1...
ComponentContainer::ComponentLoader::Load : Testing if the component ComponentRepository1 is already loaded...
ComponentContainer::ComponentLoader::Load : Loading LUA component scs.repository.ComponentRepository
ComponentContainer::ComponentLoader::Load : Trying to create an instance.
ComponentContainer::ComponentLoader::Load : Instance created.
ComponentContainer::ComponentLoader::Load : Creating handle...
ComponentContainer::ComponentLoader::Load : New instance id is 1.
ComponentContainer::ComponentLoader::Load : Finished.
ComponentContainer::ComponentLoader::Load
ComponentContainer::ComponentLoader::Load : Testing if the component PingPong1 is in the local disk cache...
ComponentContainer::ComponentLoader::checkReposForComponent
ComponentContainer::ComponentLoader::checkReposForComponent : Trying to retrieve it from a known repository...
ComponentContainer::ComponentLoader::checkReposForComponent : Trying repository with connectionId 2.
ComponentContainer::ComponentLoader::checkReposForComponent : Now getting component's description...
ComponentContainer::ComponentLoader::checkReposForComponent : Found PingPong's component description.
ComponentContainer::ComponentLoader::checkReposForComponent : Now getting component's help...
ComponentContainer::ComponentLoader::checkReposForComponent : Trying help with connectionId 3.
ComponentContainer::ComponentLoader::checkReposForComponent : Found PingPong's help info.
ComponentContainer::ComponentLoader::checkReposForComponent : Octet size is 4959.
ComponentContainer::ComponentLoader::checkReposForComponent : Saving component in local disk cache...
ComponentContainer::ComponentLoader::checkReposForComponent : Finished.
ComponentContainer::ComponentLoader::Load : Testing if the component PingPong1 is already loaded...
ComponentContainer::ComponentLoader::Load : Loading LUA component PingPong1.PingPong
ComponentContainer::ComponentLoader::Load : Trying to create an instance.
ComponentContainer::ComponentLoader::Load : Instance created.
ComponentContainer::ComponentLoader::Load : Creating handle...
ComponentContainer::ComponentLoader::Load : New instance id is 2.
ComponentContainer::ComponentLoader::Load : Finished.

-----------------------------------------------------
Tue Sep 30 12:38:05 2008 1222789085
ComponentContainer: Loading file ComponentContainerInit.lua
ComponentContainer::IComponent::Startup
ComponentContainer::IComponent::Startup : Finished.
ComponentContainer::ComponentLoader::Load
ComponentContainer::ComponentLoader::Load : Testing if the component ComponentRepository1 is in the local disk cache...
ComponentContainer::ComponentLoader::Load : There aren't any known repositories. Checking if this component is a repository to be loaded from the hd...
ComponentContainer::ComponentLoader::Load : Caching ComponentRepository1...
ComponentContainer::ComponentLoader::Load : Testing if the component ComponentRepository1 is already loaded...
ComponentContainer::ComponentLoader::Load : Loading LUA component scs.repository.ComponentRepository
ComponentContainer::ComponentLoader::Load : Trying to create an instance.
ComponentContainer::ComponentLoader::Load : Instance created.
ComponentContainer::ComponentLoader::Load : Creating handle...
ComponentContainer::ComponentLoader::Load : New instance id is 1.
ComponentContainer::ComponentLoader::Load : Finished.
ComponentContainer::ComponentLoader::Load
ComponentContainer::ComponentLoader::Load : Testing if the component PingPong1 is in the local disk cache...
ComponentContainer::ComponentLoader::checkReposForComponent
ComponentContainer::ComponentLoader::checkReposForComponent : Trying to retrieve it from a known repository...
ComponentContainer::ComponentLoader::checkReposForComponent : Trying repository with connectionId 2.
ComponentContainer::ComponentLoader::checkReposForComponent : Now getting component's description...
ComponentContainer::ComponentLoader::checkReposForComponent : Found PingPong's component description.
ComponentContainer::ComponentLoader::checkReposForComponent : Now getting component's help...
ComponentContainer::ComponentLoader::checkReposForComponent : Trying help with connectionId 3.
ComponentContainer::ComponentLoader::checkReposForComponent : Found PingPong's help info.
ComponentContainer::ComponentLoader::checkReposForComponent : Octet size is 4969.
ComponentContainer::ComponentLoader::checkReposForComponent : Saving component in local disk cache...
ComponentContainer::ComponentLoader::checkReposForComponent : Finished.
ComponentContainer::ComponentLoader::Load : Testing if the component PingPong1 is already loaded...
ComponentContainer::ComponentLoader::Load : Loading LUA component PingPong1.PingPong
ComponentContainer::ComponentLoader::Load : Trying to create an instance.
ComponentContainer::ComponentLoader::Load : Instance created.
ComponentContainer::ComponentLoader::Load : Creating handle...
ComponentContainer::ComponentLoader::Load : New instance id is 2.
ComponentContainer::ComponentLoader::Load : Finished.
